  10990.cpp
  12015.cpp
  12738.cpp
  1747.cpp
  1780.cpp
  2042.cpp
  Chapter10_Tree.cpp
  Chapter13_Geometry.cpp
  Chapter9_SegmentTree.cpp
  GeometryTemplate.cpp
  SparseTable.cpp
  9471.cpp
  Chapter9_BinaryIndexedTree.cpp
  BinarySearch.cpp
  Chapter7_Graph.cpp
  Generating code
  Previous IPDB and IOBJ mismatch, fall back to full compilation.
  All 17 functions were compiled because no usable IPDB/IOBJ from previous compilation was found.
  Finished generating code
  AlgorithmsProblems.vcxproj -> C:\Users\gring\source\repos\AlgorithmsProblems\x64\Release\AlgorithmsProblems.exe
